#Line list modified from XIDL's Lyman Limit system linelist (lls.lst).
#http://www.ucolick.org/~xavier/IDL/
#Wavelength(A)  Ion WL  f-value reference (see XIDL for codes)
911.7633 HI LLS 0.0000 1
914.9193 HI 914 3.210e-04 0
915.3290 HI 915 3.860e-04 0
915.8237 HI 915 4.690e-04 0
916.4292 HI 916 5.770e-04 0
917.1806 HI 917 7.230e-04 0
918.1294 HI 918 9.210e-04 0
919.3514 HI 919 1.200e-03 0
920.9631 HI 920 1.610e-03 0
923.1504 HI 923 2.220e-03 0
926.2257 HI 926 3.180e-03 0
930.7483 HI 930 4.816e-03 0
937.8035 HI 937 7.804e-03 0 
949.7431 HI 949 1.394e-02 0
972.5368 HI 972 2.900e-02 0
1025.7223 HI 1025 0.079120 1
1215.6701 HI 1215 0.41640 1

